<?xml version="1.0" encoding="UTF-8"?>
<!-- Generated by org.testng.reporters.JUnitReportReporter -->
<testsuite skipped="0" hostname="DESKTOP-O4F1P9N" name="basics.Different_Website_Triggering" tests="3" failures="0" timestamp="08 Aug 2017 11:51:12 GMT" time="31.802" errors="0">
  <testcase name="test2" time="13.740" classname="basics.Different_Website_Triggering"/>
  <testcase name="test3" time="7.586" classname="basics.Different_Website_Triggering"/>
  <testcase name="test4" time="10.476" classname="basics.Different_Website_Triggering"/>
</testsuite> <!-- basics.Different_Website_Triggering -->
